
/home/runner/work/exp-igbt-iitr/exp-igbt-iitr/experiment/simulation/js/graph.js
   1:10  warning  'plotData' is defined but never used  no-unused-vars
   2:6   warning  'plot_data_points' is not defined     no-undef
  10:5   warning  'Plotly' is not defined               no-undef
  12:7   warning  'plot_data_points' is not defined     no-undef

/home/runner/work/exp-igbt-iitr/exp-igbt-iitr/experiment/simulation/js/popup.js
   6:10  warning  'openPopup' is defined but never used   no-unused-vars
  14:10  warning  'closePopup' is defined but never used  no-unused-vars

/home/runner/work/exp-igbt-iitr/exp-igbt-iitr/experiment/simulation/js/script.js
   110:5   warning  'reading_vge' is assigned a value but never used     no-unused-vars
   115:16  warning  'jsPlumb' is not defined                             no-undef
   120:3   warning  '$' is not defined                                   no-undef
   125:3   warning  '$' is not defined                                   no-undef
   127:11  warning  '$' is not defined                                   no-undef
   133:16  warning  Empty block statement                                no-empty
   135:18  warning  '$' is not defined                                   no-undef
   136:13  warning  'a' is already defined                               no-redeclare
   141:16  warning  Empty block statement                                no-empty
   143:18  warning  '$' is not defined                                   no-undef
   144:13  warning  'a' is already defined                               no-redeclare
   149:16  warning  Empty block statement                                no-empty
   151:18  warning  '$' is not defined                                   no-undef
   152:13  warning  'a' is already defined                               no-redeclare
   157:16  warning  Empty block statement                                no-empty
   159:18  warning  '$' is not defined                                   no-undef
   160:13  warning  'a' is already defined                               no-redeclare
   165:16  warning  Empty block statement                                no-empty
   168:11  warning  '$' is not defined                                   no-undef
   169:13  warning  'a' is already defined                               no-redeclare
   174:16  warning  Empty block statement                                no-empty
   407:7   warning  'plotData' is not defined                            no-undef
   411:38  warning  'event' is defined but never used                    no-unused-vars
   431:7   warning  'openPopup' is not defined                           no-undef
   447:16  warning  'ele' is already defined                             no-redeclare
   460:3   warning  '$' is not defined                                   no-undef
   465:3   warning  '$' is not defined                                   no-undef
   467:5   warning  '$' is not defined                                   no-undef
   468:30  warning  '$' is not defined                                   no-undef
   471:7   warning  '$' is not defined                                   no-undef
   499:7   warning  '$' is not defined                                   no-undef
   530:5   warning  '$' is not defined                                   no-undef
   530:42  warning  'event' is defined but never used                    no-unused-vars
   531:7   warning  '$' is not defined                                   no-undef
   535:3   warning  '$' is not defined                                   no-undef
   537:5   warning  '$' is not defined                                   no-undef
   538:30  warning  '$' is not defined                                   no-undef
   541:7   warning  '$' is not defined                                   no-undef
   584:7   warning  '$' is not defined                                   no-undef
   623:5   warning  '$' is not defined                                   no-undef
   623:42  warning  'event' is defined but never used                    no-unused-vars
   624:7   warning  '$' is not defined                                   no-undef
   628:3   warning  '$' is not defined                                   no-undef
   630:5   warning  '$' is not defined                                   no-undef
   631:30  warning  '$' is not defined                                   no-undef
   634:7   warning  '$' is not defined                                   no-undef
   677:7   warning  '$' is not defined                                   no-undef
   716:5   warning  '$' is not defined                                   no-undef
   716:42  warning  'event' is defined but never used                    no-unused-vars
   717:7   warning  '$' is not defined                                   no-undef
   721:3   warning  '$' is not defined                                   no-undef
   723:5   warning  '$' is not defined                                   no-undef
   724:30  warning  '$' is not defined                                   no-undef
   726:7   warning  '$' is not defined                                   no-undef
   754:7   warning  '$' is not defined                                   no-undef
   783:5   warning  '$' is not defined                                   no-undef
   783:42  warning  'event' is defined but never used                    no-unused-vars
   784:7   warning  '$' is not defined                                   no-undef
   787:3   warning  '$' is not defined                                   no-undef
   789:5   warning  '$' is not defined                                   no-undef
   790:30  warning  '$' is not defined                                   no-undef
   793:7   warning  '$' is not defined                                   no-undef
   836:7   warning  '$' is not defined                                   no-undef
   874:5   warning  '$' is not defined                                   no-undef
   874:42  warning  'event' is defined but never used                    no-unused-vars
   875:7   warning  '$' is not defined                                   no-undef
   878:3   warning  '$' is not defined                                   no-undef
   880:5   warning  '$' is not defined                                   no-undef
   881:30  warning  '$' is not defined                                   no-undef
   884:7   warning  '$' is not defined                                   no-undef
   943:7   warning  '$' is not defined                                   no-undef
  1005:5   warning  '$' is not defined                                   no-undef
  1005:42  warning  'event' is defined but never used                    no-unused-vars
  1006:7   warning  '$' is not defined                                   no-undef
  1009:3   warning  '$' is not defined                                   no-undef
  1011:5   warning  '$' is not defined                                   no-undef
  1012:30  warning  '$' is not defined                                   no-undef
  1014:5   warning  '$' is not defined                                   no-undef
  1029:5   warning  '$' is not defined                                   no-undef
  1029:42  warning  'event' is defined but never used                    no-unused-vars
  1030:7   warning  '$' is not defined                                   no-undef
  1033:3   warning  '$' is not defined                                   no-undef
  1035:5   warning  '$' is not defined                                   no-undef
  1036:30  warning  '$' is not defined                                   no-undef
  1038:5   warning  '$' is not defined                                   no-undef
  1053:5   warning  '$' is not defined                                   no-undef
  1053:42  warning  'event' is defined but never used                    no-unused-vars
  1054:7   warning  '$' is not defined                                   no-undef
  1057:3   warning  '$' is not defined                                   no-undef
  1059:5   warning  '$' is not defined                                   no-undef
  1060:30  warning  '$' is not defined                                   no-undef
  1062:5   warning  '$' is not defined                                   no-undef
  1077:5   warning  '$' is not defined                                   no-undef
  1077:42  warning  'event' is defined but never used                    no-unused-vars
  1078:7   warning  '$' is not defined                                   no-undef
  1081:3   warning  '$' is not defined                                   no-undef
  1083:5   warning  '$' is not defined                                   no-undef
  1084:30  warning  '$' is not defined                                   no-undef
  1086:5   warning  '$' is not defined                                   no-undef
  1101:5   warning  '$' is not defined                                   no-undef
  1101:42  warning  'event' is defined but never used                    no-unused-vars
  1102:7   warning  '$' is not defined                                   no-undef
  1105:3   warning  '$' is not defined                                   no-undef
  1107:5   warning  '$' is not defined                                   no-undef
  1108:30  warning  '$' is not defined                                   no-undef
  1110:5   warning  '$' is not defined                                   no-undef
  1125:5   warning  '$' is not defined                                   no-undef
  1125:42  warning  'event' is defined but never used                    no-unused-vars
  1126:7   warning  '$' is not defined                                   no-undef
  1129:3   warning  '$' is not defined                                   no-undef
  1131:5   warning  '$' is not defined                                   no-undef
  1132:30  warning  '$' is not defined                                   no-undef
  1134:5   warning  '$' is not defined                                   no-undef
  1149:5   warning  '$' is not defined                                   no-undef
  1149:42  warning  'event' is defined but never used                    no-unused-vars
  1150:7   warning  '$' is not defined                                   no-undef
  1155:10  warning  'changeName' is defined but never used               no-unused-vars
  1158:3   warning  '$' is not defined                                   no-undef
  1160:5   warning  'plotData' is not defined                            no-undef
  1164:3   warning  '$' is not defined                                   no-undef
  1165:3   warning  '$' is not defined                                   no-undef
  1166:3   warning  '$' is not defined                                   no-undef
  1167:3   warning  '$' is not defined                                   no-undef
  1168:3   warning  '$' is not defined                                   no-undef
  1169:3   warning  '$' is not defined                                   no-undef
  1172:3   warning  '$' is not defined                                   no-undef
  1173:3   warning  '$' is not defined                                   no-undef
  1174:3   warning  '$' is not defined                                   no-undef
  1175:3   warning  '$' is not defined                                   no-undef
  1176:3   warning  '$' is not defined                                   no-undef
  1177:3   warning  '$' is not defined                                   no-undef
  1190:10  warning  'firstGateSubmitted' is defined but never used       no-unused-vars
  1206:13  warning  'ele' is already defined                             no-redeclare
  1207:9   warning  '$' is not defined                                   no-undef
  1219:13  warning  'ele' is already defined                             no-redeclare
  1220:9   warning  '$' is not defined                                   no-undef
  1228:9   warning  'openPopup' is not defined                           no-undef
  1235:7   warning  'openPopup' is not defined                           no-undef
  1244:9   warning  'openPopup' is not defined                           no-undef
  1246:9   warning  'openPopup' is not defined                           no-undef
  1253:13  warning  'ele' is already defined                             no-redeclare
  1254:9   warning  '$' is not defined                                   no-undef
  1271:13  warning  'ele' is already defined                             no-redeclare
  1272:9   warning  '$' is not defined                                   no-undef
  1285:13  warning  'ele' is already defined                             no-redeclare
  1286:9   warning  '$' is not defined                                   no-undef
  1294:9   warning  'openPopup' is not defined                           no-undef
  1304:5   warning  'plotData' is not defined                            no-undef
  1307:10  warning  'acSubmited' is defined but never used               no-unused-vars
  1322:11  warning  '$' is not defined                                   no-undef
  1330:11  warning  'openPopup' is not defined                           no-undef
  1337:9   warning  'openPopup' is not defined                           no-undef
  1349:15  warning  'ele' is already defined                             no-redeclare
  1350:11  warning  '$' is not defined                                   no-undef
  1358:11  warning  'openPopup' is not defined                           no-undef
  1365:9   warning  'openPopup' is not defined                           no-undef
  1373:30  warning  Empty block statement                                no-empty
  1375:7   warning  'openPopup' is not defined                           no-undef
  1377:7   warning  'openPopup' is not defined                           no-undef
  1383:5   warning  'plotData' is not defined                            no-undef
  1386:10  warning  'resisSubmited' is defined but never used            no-unused-vars
  1393:5   warning  '$' is not defined                                   no-undef
  1394:5   warning  '$' is not defined                                   no-undef
  1395:5   warning  '$' is not defined                                   no-undef
  1400:5   warning  'plotData' is not defined                            no-undef
  1403:10  warning  'dcSubmited' is defined but never used               no-unused-vars
  1409:5   warning  '$' is not defined                                   no-undef
  1414:5   warning  'plotData' is not defined                            no-undef
  1418:10  warning  'instchange' is defined but never used               no-unused-vars
  1422:1   warning  '$' is not defined                                   no-undef
  1423:3   warning  '$' is not defined                                   no-undef
  1424:5   warning  '$' is not defined                                   no-undef
  1430:7   warning  'openPopup' is not defined                           no-undef
  1436:7   warning  'openPopup' is not defined                           no-undef
  1444:7   warning  '$' is not defined                                   no-undef
  1445:7   warning  '$' is not defined                                   no-undef
  1448:5   warning  'openPopup' is not defined                           no-undef
  1456:10  warning  'showreadings' is defined but never used             no-unused-vars
  1475:13  warning  'count_120' is not defined                           no-undef
  1481:15  warning  'count_120' is not defined                           no-undef
  1490:13  warning  'count_120' is not defined                           no-undef
  1490:25  warning  'count_120' is not defined                           no-undef
  1494:11  warning  'openPopup' is not defined                           no-undef
  1501:13  warning  'count_180' is not defined                           no-undef
  1503:17  warning  'a' is already defined                               no-redeclare
  1504:17  warning  'b' is already defined                               no-redeclare
  1505:17  warning  'str' is already defined                             no-redeclare
  1507:15  warning  'count_180' is not defined                           no-undef
  1516:13  warning  'count_180' is not defined                           no-undef
  1516:25  warning  'count_180' is not defined                           no-undef
  1520:11  warning  'openPopup' is not defined                           no-undef
  1532:10  warning  'dc_source_submitted_vge' is defined but never used  no-unused-vars
  1535:8   warning  'i' is not defined                                   no-undef
  1536:26  warning  'i' is not defined                                   no-undef
  1550:7   warning  '$' is not defined                                   no-undef
  1552:12  warning  'i' is not defined                                   no-undef
  1553:13  warning  'i' is not defined                                   no-undef
  1554:21  warning  'i' is not defined                                   no-undef
  1556:21  warning  'i' is not defined                                   no-undef
  1592:5   warning  'plotData' is not defined                            no-undef
  1620:3   warning  '$' is not defined                                   no-undef
  1622:10  warning  'dc_source_submitted_vce' is defined but never used  no-unused-vars
  1626:10  warning  'i' is not defined                                   no-undef
  1627:26  warning  'i' is not defined                                   no-undef
  1633:5   warning  '$' is not defined                                   no-undef
  1635:10  warning  'i' is not defined                                   no-undef
  1636:11  warning  'i' is not defined                                   no-undef
  1637:25  warning  'i' is not defined                                   no-undef
  1639:25  warning  'i' is not defined                                   no-undef
  1646:5   warning  'plotData' is not defined                            no-undef
  1650:10  warning  'check_vce_values' is defined but never used         no-unused-vars
  1653:8   warning  'i' is not defined                                   no-undef
  1654:24  warning  'i' is not defined                                   no-undef
  1668:9   warning  'openPopup' is not defined                           no-undef
  1674:9   warning  'openPopup' is not defined                           no-undef
  1683:11  warning  'openPopup' is not defined                           no-undef
  1716:7   warning  'plotData' is not defined                            no-undef
  1723:11  warning  'tab' is already defined                             no-redeclare
  1739:9   warning  'plotData' is not defined                            no-undef

/home/runner/work/exp-igbt-iitr/exp-igbt-iitr/experiment/simulation/transfer/js/graph.js
   1:10  warning  'plotData' is defined but never used  no-unused-vars
   2:6   warning  'plot_data_points' is not defined     no-undef
  10:5   warning  'Plotly' is not defined               no-undef
  12:7   warning  'plot_data_points' is not defined     no-undef

/home/runner/work/exp-igbt-iitr/exp-igbt-iitr/experiment/simulation/transfer/js/popup.js
   6:10  warning  'openPopup' is defined but never used   no-unused-vars
  14:10  warning  'closePopup' is defined but never used  no-unused-vars

/home/runner/work/exp-igbt-iitr/exp-igbt-iitr/experiment/simulation/transfer/js/script.js
   107:5   warning  'reading_vge' is assigned a value but never used     no-unused-vars
   112:16  warning  'jsPlumb' is not defined                             no-undef
   117:3   warning  '$' is not defined                                   no-undef
   122:3   warning  '$' is not defined                                   no-undef
   124:11  warning  '$' is not defined                                   no-undef
   130:16  warning  Empty block statement                                no-empty
   132:18  warning  '$' is not defined                                   no-undef
   133:13  warning  'a' is already defined                               no-redeclare
   138:16  warning  Empty block statement                                no-empty
   140:18  warning  '$' is not defined                                   no-undef
   141:13  warning  'a' is already defined                               no-redeclare
   146:16  warning  Empty block statement                                no-empty
   148:18  warning  '$' is not defined                                   no-undef
   149:13  warning  'a' is already defined                               no-redeclare
   154:16  warning  Empty block statement                                no-empty
   156:18  warning  '$' is not defined                                   no-undef
   157:13  warning  'a' is already defined                               no-redeclare
   162:16  warning  Empty block statement                                no-empty
   165:11  warning  '$' is not defined                                   no-undef
   166:13  warning  'a' is already defined                               no-redeclare
   171:16  warning  Empty block statement                                no-empty
   404:7   warning  'plotData' is not defined                            no-undef
   408:38  warning  'event' is defined but never used                    no-unused-vars
   427:7   warning  'openPopup' is not defined                           no-undef
   443:16  warning  'ele' is already defined                             no-redeclare
   456:3   warning  '$' is not defined                                   no-undef
   461:3   warning  '$' is not defined                                   no-undef
   463:5   warning  '$' is not defined                                   no-undef
   464:30  warning  '$' is not defined                                   no-undef
   467:7   warning  '$' is not defined                                   no-undef
   495:7   warning  '$' is not defined                                   no-undef
   526:5   warning  '$' is not defined                                   no-undef
   526:42  warning  'event' is defined but never used                    no-unused-vars
   527:7   warning  '$' is not defined                                   no-undef
   531:3   warning  '$' is not defined                                   no-undef
   533:5   warning  '$' is not defined                                   no-undef
   534:30  warning  '$' is not defined                                   no-undef
   537:7   warning  '$' is not defined                                   no-undef
   580:7   warning  '$' is not defined                                   no-undef
   619:5   warning  '$' is not defined                                   no-undef
   619:42  warning  'event' is defined but never used                    no-unused-vars
   620:7   warning  '$' is not defined                                   no-undef
   624:3   warning  '$' is not defined                                   no-undef
   626:5   warning  '$' is not defined                                   no-undef
   627:30  warning  '$' is not defined                                   no-undef
   630:7   warning  '$' is not defined                                   no-undef
   673:7   warning  '$' is not defined                                   no-undef
   712:5   warning  '$' is not defined                                   no-undef
   712:42  warning  'event' is defined but never used                    no-unused-vars
   713:7   warning  '$' is not defined                                   no-undef
   717:3   warning  '$' is not defined                                   no-undef
   719:5   warning  '$' is not defined                                   no-undef
   720:30  warning  '$' is not defined                                   no-undef
   722:7   warning  '$' is not defined                                   no-undef
   750:7   warning  '$' is not defined                                   no-undef
   779:5   warning  '$' is not defined                                   no-undef
   779:42  warning  'event' is defined but never used                    no-unused-vars
   780:7   warning  '$' is not defined                                   no-undef
   783:3   warning  '$' is not defined                                   no-undef
   785:5   warning  '$' is not defined                                   no-undef
   786:30  warning  '$' is not defined                                   no-undef
   789:7   warning  '$' is not defined                                   no-undef
   824:7   warning  '$' is not defined                                   no-undef
   862:5   warning  '$' is not defined                                   no-undef
   862:42  warning  'event' is defined but never used                    no-unused-vars
   863:7   warning  '$' is not defined                                   no-undef
   866:3   warning  '$' is not defined                                   no-undef
   868:5   warning  '$' is not defined                                   no-undef
   869:30  warning  '$' is not defined                                   no-undef
   872:7   warning  '$' is not defined                                   no-undef
   931:7   warning  '$' is not defined                                   no-undef
   993:5   warning  '$' is not defined                                   no-undef
   993:42  warning  'event' is defined but never used                    no-unused-vars
   994:7   warning  '$' is not defined                                   no-undef
   997:3   warning  '$' is not defined                                   no-undef
   999:5   warning  '$' is not defined                                   no-undef
  1000:30  warning  '$' is not defined                                   no-undef
  1002:5   warning  '$' is not defined                                   no-undef
  1017:5   warning  '$' is not defined                                   no-undef
  1017:42  warning  'event' is defined but never used                    no-unused-vars
  1018:7   warning  '$' is not defined                                   no-undef
  1021:3   warning  '$' is not defined                                   no-undef
  1023:5   warning  '$' is not defined                                   no-undef
  1024:30  warning  '$' is not defined                                   no-undef
  1026:5   warning  '$' is not defined                                   no-undef
  1041:5   warning  '$' is not defined                                   no-undef
  1041:42  warning  'event' is defined but never used                    no-unused-vars
  1042:7   warning  '$' is not defined                                   no-undef
  1045:3   warning  '$' is not defined                                   no-undef
  1047:5   warning  '$' is not defined                                   no-undef
  1048:30  warning  '$' is not defined                                   no-undef
  1050:5   warning  '$' is not defined                                   no-undef
  1065:5   warning  '$' is not defined                                   no-undef
  1065:42  warning  'event' is defined but never used                    no-unused-vars
  1066:7   warning  '$' is not defined                                   no-undef
  1069:3   warning  '$' is not defined                                   no-undef
  1071:5   warning  '$' is not defined                                   no-undef
  1072:30  warning  '$' is not defined                                   no-undef
  1074:5   warning  '$' is not defined                                   no-undef
  1089:5   warning  '$' is not defined                                   no-undef
  1089:42  warning  'event' is defined but never used                    no-unused-vars
  1090:7   warning  '$' is not defined                                   no-undef
  1093:3   warning  '$' is not defined                                   no-undef
  1095:5   warning  '$' is not defined                                   no-undef
  1096:30  warning  '$' is not defined                                   no-undef
  1098:5   warning  '$' is not defined                                   no-undef
  1113:5   warning  '$' is not defined                                   no-undef
  1113:42  warning  'event' is defined but never used                    no-unused-vars
  1114:7   warning  '$' is not defined                                   no-undef
  1117:3   warning  '$' is not defined                                   no-undef
  1119:5   warning  '$' is not defined                                   no-undef
  1120:30  warning  '$' is not defined                                   no-undef
  1122:5   warning  '$' is not defined                                   no-undef
  1137:5   warning  '$' is not defined                                   no-undef
  1137:42  warning  'event' is defined but never used                    no-unused-vars
  1138:7   warning  '$' is not defined                                   no-undef
  1143:10  warning  'changeName' is defined but never used               no-unused-vars
  1146:3   warning  '$' is not defined                                   no-undef
  1148:5   warning  'plotData' is not defined                            no-undef
  1152:3   warning  '$' is not defined                                   no-undef
  1153:3   warning  '$' is not defined                                   no-undef
  1154:3   warning  '$' is not defined                                   no-undef
  1155:3   warning  '$' is not defined                                   no-undef
  1156:3   warning  '$' is not defined                                   no-undef
  1157:3   warning  '$' is not defined                                   no-undef
  1160:3   warning  '$' is not defined                                   no-undef
  1161:3   warning  '$' is not defined                                   no-undef
  1162:3   warning  '$' is not defined                                   no-undef
  1163:3   warning  '$' is not defined                                   no-undef
  1164:3   warning  '$' is not defined                                   no-undef
  1165:3   warning  '$' is not defined                                   no-undef
  1178:10  warning  'firstGateSubmitted' is defined but never used       no-unused-vars
  1194:13  warning  'ele' is already defined                             no-redeclare
  1195:9   warning  '$' is not defined                                   no-undef
  1207:13  warning  'ele' is already defined                             no-redeclare
  1208:9   warning  '$' is not defined                                   no-undef
  1216:9   warning  'openPopup' is not defined                           no-undef
  1223:7   warning  'openPopup' is not defined                           no-undef
  1232:9   warning  'openPopup' is not defined                           no-undef
  1234:9   warning  'openPopup' is not defined                           no-undef
  1241:13  warning  'ele' is already defined                             no-redeclare
  1242:9   warning  '$' is not defined                                   no-undef
  1259:13  warning  'ele' is already defined                             no-redeclare
  1260:9   warning  '$' is not defined                                   no-undef
  1273:13  warning  'ele' is already defined                             no-redeclare
  1274:9   warning  '$' is not defined                                   no-undef
  1282:9   warning  'openPopup' is not defined                           no-undef
  1292:5   warning  'plotData' is not defined                            no-undef
  1295:10  warning  'acSubmited' is defined but never used               no-unused-vars
  1310:11  warning  '$' is not defined                                   no-undef
  1318:11  warning  'openPopup' is not defined                           no-undef
  1325:9   warning  'openPopup' is not defined                           no-undef
  1337:15  warning  'ele' is already defined                             no-redeclare
  1338:11  warning  '$' is not defined                                   no-undef
  1346:11  warning  'openPopup' is not defined                           no-undef
  1353:9   warning  'openPopup' is not defined                           no-undef
  1361:30  warning  Empty block statement                                no-empty
  1363:7   warning  'openPopup' is not defined                           no-undef
  1365:7   warning  'openPopup' is not defined                           no-undef
  1371:5   warning  'plotData' is not defined                            no-undef
  1374:10  warning  'resisSubmited' is defined but never used            no-unused-vars
  1381:5   warning  '$' is not defined                                   no-undef
  1382:5   warning  '$' is not defined                                   no-undef
  1383:5   warning  '$' is not defined                                   no-undef
  1388:5   warning  'plotData' is not defined                            no-undef
  1391:10  warning  'dcSubmited' is defined but never used               no-unused-vars
  1397:5   warning  '$' is not defined                                   no-undef
  1402:5   warning  'plotData' is not defined                            no-undef
  1406:10  warning  'instchange' is defined but never used               no-unused-vars
  1410:1   warning  '$' is not defined                                   no-undef
  1411:3   warning  '$' is not defined                                   no-undef
  1412:5   warning  '$' is not defined                                   no-undef
  1418:7   warning  'openPopup' is not defined                           no-undef
  1424:7   warning  'openPopup' is not defined                           no-undef
  1432:7   warning  '$' is not defined                                   no-undef
  1433:7   warning  '$' is not defined                                   no-undef
  1436:5   warning  'openPopup' is not defined                           no-undef
  1444:10  warning  'showreadings' is defined but never used             no-unused-vars
  1463:13  warning  'count_120' is not defined                           no-undef
  1469:15  warning  'count_120' is not defined                           no-undef
  1478:13  warning  'count_120' is not defined                           no-undef
  1478:25  warning  'count_120' is not defined                           no-undef
  1482:11  warning  'openPopup' is not defined                           no-undef
  1489:13  warning  'count_180' is not defined                           no-undef
  1491:17  warning  'a' is already defined                               no-redeclare
  1492:17  warning  'b' is already defined                               no-redeclare
  1493:17  warning  'str' is already defined                             no-redeclare
  1495:15  warning  'count_180' is not defined                           no-undef
  1504:13  warning  'count_180' is not defined                           no-undef
  1504:25  warning  'count_180' is not defined                           no-undef
  1508:11  warning  'openPopup' is not defined                           no-undef
  1520:10  warning  'dc_source_submitted_vge' is defined but never used  no-unused-vars
  1523:8   warning  'i' is not defined                                   no-undef
  1524:26  warning  'i' is not defined                                   no-undef
  1538:7   warning  '$' is not defined                                   no-undef
  1540:12  warning  'i' is not defined                                   no-undef
  1541:13  warning  'i' is not defined                                   no-undef
  1542:21  warning  'i' is not defined                                   no-undef
  1544:21  warning  'i' is not defined                                   no-undef
  1578:5   warning  'plotData' is not defined                            no-undef
  1583:10  warning  'makeDefault_vce' is defined but never used          no-unused-vars
  1606:3   warning  '$' is not defined                                   no-undef
  1608:10  warning  'dc_source_submitted_vce' is defined but never used  no-unused-vars
  1612:10  warning  'i' is not defined                                   no-undef
  1613:26  warning  'i' is not defined                                   no-undef
  1619:5   warning  '$' is not defined                                   no-undef
  1621:10  warning  'i' is not defined                                   no-undef
  1622:11  warning  'i' is not defined                                   no-undef
  1623:25  warning  'i' is not defined                                   no-undef
  1625:25  warning  'i' is not defined                                   no-undef
  1632:5   warning  'plotData' is not defined                            no-undef
  1636:10  warning  'check_vce_values' is defined but never used         no-unused-vars
  1640:8   warning  'i' is not defined                                   no-undef
  1641:26  warning  'i' is not defined                                   no-undef
  1647:5   warning  'openPopup' is not defined                           no-undef
  1671:11  warning  'openPopup' is not defined                           no-undef
  1677:11  warning  'openPopup' is not defined                           no-undef
  1689:5   warning  'count_flag' is assigned a value but never used      no-unused-vars
  1713:7   warning  'plotData' is not defined                            no-undef

✖ 450 problems (0 errors, 450 warnings)

